<?xml version="1.0" encoding="utf-8"?><testsuites><testsuite name="pytest" errors="0" failures="0" skipped="0" tests="293" time="13.512" timestamp="2026-09-03T06:27:15.641532+08:00" hostname="DESKTOP-J0I2ET3"><testcase classname="tests.test_cache_v2.TestArtifactRecipe" name="test_hash_is_stable_across_dict_key_order" file="tests\test_cache_v2.py" line="173" time="0.001"><system-out>--------------------------------- Captured Log ---------------------------------

--------------------------------- Captured Out ---------------------------------

</system-out><system-err>--------------------------------- Captured Err ---------------------------------

</system-err></testcase><testcase classname="tests.test_cache_v2.TestArtifactRecipe" name="test_float_path_enum_and_list_have_stable_typed_forms" file="tests\test_cache_v2.py" line="192" time="0.001"><system-out>--------------------------------- Captured Log ---------------------------------

--------------------------------- Captured Out ---------------------------------

</system-out><system-err>--------------------------------- Captured Err ---------------------------------

</system-err></testcase><testcase classname="tests.test_cache_v2.TestArtifactRecipe" name="test_enum_identity_uses_qualified_type_not_only_class_name" file="tests\test_cache_v2.py" line="228" time="0.000"><system-out>--------------------------------- Captured Log ---------------------------------

--------------------------------- Captured Out ---------------------------------

</system-out><system-err>--------------------------------- Captured Err ---------------------------------

</system-err></testcase><testcase classname="tests.test_cache_v2.TestArtifactRecipe" name="test_forbidden_experiment_fields_are_rejected_recursively[fields0-config_name]" file="tests\test_cache_v2.py" line="239" time="0.000"><system-out>--------------------------------- Captured Log ---------------------------------

--------------------------------- Captured Out ---------------------------------

</system-out><system-err>--------------------------------- Captured Err ---------------------------------

</system-err></testcase><testcase classname="tests.test_cache_v2.TestArtifactRecipe" name="test_forbidden_experiment_fields_are_rejected_recursively[fields1-YAML-Path]" file="tests\test_cache_v2.py" line="239" time="0.000"><system-out>--------------------------------- Captured Log ---------------------------------

--------------------------------- Captured Out ---------------------------------

</system-out><system-err>--------------------------------- Captured Err ---------------------------------

</system-err></testcase><testcase classname="tests.test_cache_v2.TestArtifactRecipe" name="test_forbidden_experiment_fields_are_rejected_recursively[fields2-experiment_id]" file="tests\test_cache_v2.py" line="239" time="0.000"><system-out>--------------------------------- Captured Log ---------------------------------

--------------------------------- Captured Out ---------------------------------

</system-out><system-err>--------------------------------- Captured Err ---------------------------------

</system-err></testcase><testcase classname="tests.test_cache_v2.TestArtifactRecipe" name="test_forbidden_experiment_fields_are_rejected_recursively[fields3-configName]" file="tests\test_cache_v2.py" line="239" time="0.000"><system-out>--------------------------------- Captured Log ---------------------------------

--------------------------------- Captured Out ---------------------------------

</system-out><system-err>--------------------------------- Captured Err ---------------------------------

</system-err></testcase><testcase classname="tests.test_cache_v2.TestArtifactRecipe" name="test_forbidden_experiment_fields_are_rejected_recursively[fields4-yamlPath]" file="tests\test_cache_v2.py" line="239" time="0.000"><system-out>--------------------------------- Captured Log ---------------------------------

--------------------------------- Captured Out ---------------------------------

</system-out><system-err>--------------------------------- Captured Err ---------------------------------

</system-err></testcase><testcase classname="tests.test_cache_v2.TestArtifactRecipe" name="test_forbidden_experiment_fields_are_rejected_recursively[fields5-experimentId]" file="tests\test_cache_v2.py" line="239" time="0.000"><system-out>--------------------------------- Captured Log ---------------------------------

--------------------------------- Captured Out ---------------------------------

</system-out><system-err>--------------------------------- Captured Err ---------------------------------

</system-err></testcase><testcase classname="tests.test_cache_v2.TestArtifactRecipe" name="test_forbidden_experiment_fields_are_rejected_recursively[fields6-config]" file="tests\test_cache_v2.py" line="239" time="0.000"><system-out>--------------------------------- Captured Log ---------------------------------

--------------------------------- Captured Out ---------------------------------

</system-out><system-err>--------------------------------- Captured Err ---------------------------------

</system-err></testcase><testcase classname="tests.test_cache_v2.TestArtifactRecipe" name="test_full_experiment_config_is_rejected_instead_of_hashed" file="tests\test_cache_v2.py" line="259" time="0.000"><system-out>--------------------------------- Captured Log ---------------------------------

--------------------------------- Captured Out ---------------------------------

</system-out><system-err>--------------------------------- Captured Err ---------------------------------

</system-err></testcase><testcase classname="tests.test_cache_v2.TestArtifactRecipe" name="test_true_prediction_dependencies_are_not_misclassified_as_ownership" file="tests\test_cache_v2.py" line="273" time="0.000"><system-out>--------------------------------- Captured Log ---------------------------------

--------------------------------- Captured Out ---------------------------------

</system-out><system-err>--------------------------------- Captured Err ---------------------------------

</system-err></testcase><testcase classname="tests.test_cache_v2.TestCacheIndex" name="test_same_recipe_and_content_registration_is_idempotent" file="tests\test_cache_v2.py" line="289" time="0.016"><system-out>--------------------------------- Captured Log ---------------------------------

--------------------------------- Captured Out ---------------------------------

</system-out><system-err>--------------------------------- Captured Err ---------------------------------

</system-err></testcase><testcase classname="tests.test_cache_v2.TestCacheIndex" name="test_different_content_is_quarantined_as_conflict_without_overwrite" file="tests\test_cache_v2.py" line="312" time="0.012"><system-out>--------------------------------- Captured Log ---------------------------------

--------------------------------- Captured Out ---------------------------------

</system-out><system-err>--------------------------------- Captured Err ---------------------------------

</system-err></testcase><testcase classname="tests.test_cache_v2.TestCacheIndex" name="test_identical_content_cannot_be_recorded_as_a_conflict" file="tests\test_cache_v2.py" line="345" time="0.011"><system-out>--------------------------------- Captured Log ---------------------------------

--------------------------------- Captured Out ---------------------------------

</system-out><system-err>--------------------------------- Captured Err ---------------------------------

</system-err></testcase><testcase classname="tests.test_cache_v2.TestCacheIndex" name="test_conflict_requires_a_distinct_existing_content_baseline" file="tests\test_cache_v2.py" line="369" time="0.001"><system-out>--------------------------------- Captured Log ---------------------------------

--------------------------------- Captured Out ---------------------------------

</system-out><system-err>--------------------------------- Captured Err ---------------------------------

</system-err></testcase><testcase classname="tests.test_cache_v2.TestCacheIndex" name="test_tampered_artifact_row_fails_closed_before_exact_hit" file="tests\test_cache_v2.py" line="383" time="0.010"><system-out>--------------------------------- Captured Log ---------------------------------

--------------------------------- Captured Out ---------------------------------

</system-out><system-err>--------------------------------- Captured Err ---------------------------------

</system-err></testcase><testcase classname="tests.test_cache_v2.TestCacheIndex" name="test_parent_child_and_consumer_queries" file="tests\test_cache_v2.py" line="406" time="0.028"><system-out>--------------------------------- Captured Log ---------------------------------

--------------------------------- Captured Out ---------------------------------

</system-out><system-err>--------------------------------- Captured Err ---------------------------------

</system-err></testcase><testcase classname="tests.test_cache_v2.TestCacheIndex" name="test_exact_resolver_blocks_valid_child_with_invalid_parent" file="tests\test_cache_v2.py" line="452" time="0.017"><system-out>--------------------------------- Captured Log ---------------------------------

--------------------------------- Captured Out ---------------------------------

</system-out><system-err>--------------------------------- Captured Err ---------------------------------

</system-err></testcase><testcase classname="tests.test_cache_v2.TestCacheIndex" name="test_schema_tables_version_and_metadata_are_created_together" file="tests\test_cache_v2.py" line="478" time="0.006"><system-out>--------------------------------- Captured Log ---------------------------------

--------------------------------- Captured Out ---------------------------------

</system-out><system-err>--------------------------------- Captured Err ---------------------------------

</system-err></testcase><testcase classname="tests.test_cache_v2.TestCacheIndex" name="test_same_version_schema_missing_recipe_unique_is_rejected" file="tests\test_cache_v2.py" line="498" time="0.026"><system-out>--------------------------------- Captured Log ---------------------------------

--------------------------------- Captured Out ---------------------------------

</system-out><system-err>--------------------------------- Captured Err ---------------------------------

</system-err></testcase><testcase classname="tests.test_cache_v2.TestCacheIndex" name="test_schema_version_or_meta_mismatch_fails_closed[2-1-disagrees]" file="tests\test_cache_v2.py" line="526" time="0.007"><system-out>--------------------------------- Captured Log ---------------------------------

--------------------------------- Captured Out ---------------------------------

</system-out><system-err>--------------------------------- Captured Err ---------------------------------

</system-err></testcase><testcase classname="tests.test_cache_v2.TestCacheIndex" name="test_schema_version_or_meta_mismatch_fails_closed[2-2-unsupported]" file="tests\test_cache_v2.py" line="526" time="0.006"><system-out>--------------------------------- Captured Log ---------------------------------

--------------------------------- Captured Out ---------------------------------

</system-out><system-err>--------------------------------- Captured Err ---------------------------------

</system-err></testcase><testcase classname="tests.test_cache_v2.TestCacheIndex" name="test_missing_index_read_fails_without_creating_a_database" file="tests\test_cache_v2.py" line="548" time="0.001"><system-out>--------------------------------- Captured Log ---------------------------------

--------------------------------- Captured Out ---------------------------------

</system-out><system-err>--------------------------------- Captured Err ---------------------------------

</system-err></testcase><testcase classname="tests.test_cache_v2" name="test_windows_paths_are_normalized_without_cwd_dependence" file="tests\test_cache_v2.py" line="559" time="0.001"><system-out>--------------------------------- Captured Log ---------------------------------

--------------------------------- Captured Out ---------------------------------

</system-out><system-err>--------------------------------- Captured Err ---------------------------------

</system-err></testcase><testcase classname="tests.test_cache_v2.TestLegacyIndexer" name="test_dry_run_is_zero_write_and_preserves_source_hash_and_mtime" file="tests\test_cache_v2.py" line="583" time="0.004"><system-out>--------------------------------- Captured Log ---------------------------------

--------------------------------- Captured Out ---------------------------------

</system-out><system-err>--------------------------------- Captured Err ---------------------------------

</system-err></testcase><testcase classname="tests.test_cache_v2.TestLegacyIndexer" name="test_corrupt_json_is_reported_and_other_files_continue" file="tests\test_cache_v2.py" line="600" time="0.004"><system-out>--------------------------------- Captured Log ---------------------------------

--------------------------------- Captured Out ---------------------------------

</system-out><system-err>--------------------------------- Captured Err ---------------------------------

</system-err></testcase><testcase classname="tests.test_cache_v2.TestLegacyIndexer" name="test_nonfinite_json_is_corrupt_and_does_not_block_apply" file="tests\test_cache_v2.py" line="621" time="0.016"><system-out>--------------------------------- Captured Log ---------------------------------

--------------------------------- Captured Out ---------------------------------

</system-out><system-err>--------------------------------- Captured Err ---------------------------------

</system-err></testcase><testcase classname="tests.test_cache_v2.TestLegacyIndexer" name="test_run_selection_missing_seed_is_never_complete[random]" file="tests\test_cache_v2.py" line="649" time="0.001"><system-out>--------------------------------- Captured Log ---------------------------------

--------------------------------- Captured Out ---------------------------------

</system-out><system-err>--------------------------------- Captured Err ---------------------------------

</system-err></testcase><testcase classname="tests.test_cache_v2.TestLegacyIndexer" name="test_run_selection_missing_seed_is_never_complete[tracin]" file="tests\test_cache_v2.py" line="649" time="0.001"><system-out>--------------------------------- Captured Log ---------------------------------

--------------------------------- Captured Out ---------------------------------

</system-out><system-err>--------------------------------- Captured Err ---------------------------------

</system-err></testcase><testcase classname="tests.test_cache_v2.TestLegacyIndexer" name="test_run_selection_missing_seed_is_never_complete[hybrid]" file="tests\test_cache_v2.py" line="649" time="0.001"><system-out>--------------------------------- Captured Log ---------------------------------

--------------------------------- Captured Out ---------------------------------

</system-out><system-err>--------------------------------- Captured Err ---------------------------------

</system-err></testcase><testcase classname="tests.test_cache_v2.TestLegacyIndexer" name="test_archive_deprecated_backup_and_cache_v2_are_excluded" file="tests\test_cache_v2.py" line="684" time="0.007"><system-out>--------------------------------- Captured Log ---------------------------------

--------------------------------- Captured Out ---------------------------------

</system-out><system-err>--------------------------------- Captured Err ---------------------------------

</system-err></testcase><testcase classname="tests.test_cache_v2.TestLegacyIndexer" name="test_npz_without_sidecar_is_reported_but_still_indexed_as_legacy" file="tests\test_cache_v2.py" line="717" time="0.004"><system-out>--------------------------------- Captured Log ---------------------------------

--------------------------------- Captured Out ---------------------------------

</system-out><system-err>--------------------------------- Captured Err ---------------------------------

</system-err></testcase><testcase classname="tests.test_cache_v2.TestLegacyIndexer" name="test_same_legacy_recipe_with_different_content_is_summarized_as_conflict" file="tests\test_cache_v2.py" line="745" time="0.005"><system-out>--------------------------------- Captured Log ---------------------------------

--------------------------------- Captured Out ---------------------------------

</system-out><system-err>--------------------------------- Captured Err ---------------------------------

</system-err></testcase><testcase classname="tests.test_cache_v2.TestLegacyIndexer" name="test_result_cache_apply_remains_legacy_only" file="tests\test_cache_v2.py" line="768" time="0.015"><system-out>--------------------------------- Captured Log ---------------------------------

--------------------------------- Captured Out ---------------------------------

</system-out><system-err>--------------------------------- Captured Err ---------------------------------

</system-err></testcase><testcase classname="tests.test_cache_v2.TestLegacyIndexer" name="test_apply_rejects_a_stale_scan_report" file="tests\test_cache_v2.py" line="801" time="0.009"><system-out>--------------------------------- Captured Log ---------------------------------

--------------------------------- Captured Out ---------------------------------

</system-out><system-err>--------------------------------- Captured Err ---------------------------------

</system-err></testcase><testcase classname="tests.test_cache_v2" name="test_cachectl_real_argv_dry_run_imports_safely_and_writes_nothing" file="tests\test_cache_v2.py" line="819" time="0.074"><system-out>--------------------------------- Captured Log ---------------------------------

--------------------------------- Captured Out ---------------------------------

</system-out><system-err>--------------------------------- Captured Err ---------------------------------

</system-err></testcase><testcase classname="tests.test_cache_v2" name="test_exact_resolver_and_cli_explain_status_conflict_and_miss" file="tests\test_cache_v2.py" line="843" time="0.324"><system-out>--------------------------------- Captured Log ---------------------------------

--------------------------------- Captured Out ---------------------------------

</system-out><system-err>--------------------------------- Captured Err ---------------------------------

</system-err></testcase><testcase classname="tests.test_cache_v2" name="test_artifact_status_includes_legacy_only_recipe_conflicts" file="tests\test_cache_v2.py" line="946" time="0.083"><system-out>--------------------------------- Captured Log ---------------------------------

--------------------------------- Captured Out ---------------------------------

</system-out><system-err>--------------------------------- Captured Err ---------------------------------

</system-err></testcase><testcase classname="tests.test_cache_v2" name="test_resolve_explain_reports_legacy_exact_candidate_without_promoting_it" file="tests\test_cache_v2.py" line="980" time="0.010"><system-out>--------------------------------- Captured Log ---------------------------------

--------------------------------- Captured Out ---------------------------------

</system-out><system-err>--------------------------------- Captured Err ---------------------------------

</system-err></testcase><testcase classname="tests.test_cache_v2" name="test_cachectl_distinguishes_plain_fields_key_from_recipe_wrapper" file="tests\test_cache_v2.py" line="1011" time="0.157"><system-out>--------------------------------- Captured Log ---------------------------------

--------------------------------- Captured Out ---------------------------------

</system-out><system-err>--------------------------------- Captured Err ---------------------------------

</system-err></testcase><testcase classname="tests.test_cache_v2_archive_readiness" name="test_archive_manifest_separates_preparation_from_delete" file="tests\test_cache_v2_archive_readiness.py" line="29" time="0.016"><system-out>--------------------------------- Captured Log ---------------------------------

--------------------------------- Captured Out ---------------------------------

</system-out><system-err>--------------------------------- Captured Err ---------------------------------

</system-err></testcase><testcase classname="tests.test_cache_v2_archive_readiness" name="test_archive_plan_dry_run_zero_write_and_apply_writes_manifest_only" file="tests\test_cache_v2_archive_readiness.py" line="42" time="0.026"><system-out>--------------------------------- Captured Log ---------------------------------

--------------------------------- Captured Out ---------------------------------

</system-out><system-err>--------------------------------- Captured Err ---------------------------------

</system-err></testcase><testcase classname="tests.test_cache_v2_conflict_resolution" name="test_keep_existing_resolution_is_dry_run_then_write_once_and_reenables_hit" file="tests\test_cache_v2_conflict_resolution.py" line="82" time="0.070"><system-out>--------------------------------- Captured Log ---------------------------------

--------------------------------- Captured Out ---------------------------------

</system-out><system-err>--------------------------------- Captured Err ---------------------------------

</system-err></testcase><testcase classname="tests.test_cache_v2_conflict_resolution" name="test_new_conflict_after_resolution_blocks_again" file="tests\test_cache_v2_conflict_resolution.py" line="167" time="0.061"><system-out>--------------------------------- Captured Log ---------------------------------

--------------------------------- Captured Out ---------------------------------

</system-out><system-err>--------------------------------- Captured Err ---------------------------------

</system-err></testcase><testcase classname="tests.test_cache_v2_conflict_resolution" name="test_legacy_only_conflict_cannot_be_resolved_as_keep_existing" file="tests\test_cache_v2_conflict_resolution.py" line="195" time="0.010"><system-out>--------------------------------- Captured Log ---------------------------------

--------------------------------- Captured Out ---------------------------------

</system-out><system-err>--------------------------------- Captured Err ---------------------------------

</system-err></testcase><testcase classname="tests.test_cache_v2_conflict_resolution" name="test_corrupt_resolution_record_fails_closed" file="tests\test_cache_v2_conflict_resolution.py" line="227" time="0.036"><system-out>--------------------------------- Captured Log ---------------------------------

--------------------------------- Captured Out ---------------------------------

</system-out><system-err>--------------------------------- Captured Err ---------------------------------

</system-err></testcase><testcase classname="tests.test_cache_v2_conflict_resolution" name="test_cachectl_conflict_dry_run_apply_and_status" file="tests\test_cache_v2_conflict_resolution.py" line="240" time="0.062"><system-out>--------------------------------- Captured Log ---------------------------------

--------------------------------- Captured Out ---------------------------------

</system-out><system-err>--------------------------------- Captured Err ---------------------------------

</system-err></testcase><testcase classname="tests.test_cache_v2_dataset_boundary" name="test_cache_v2_has_no_dataset_or_selector_dependencies" file="tests\test_cache_v2_dataset_boundary.py" line="61" time="0.060"><system-out>--------------------------------- Captured Log ---------------------------------

--------------------------------- Captured Out ---------------------------------

</system-out><system-err>--------------------------------- Captured Err ---------------------------------

</system-err></testcase><testcase classname="tests.test_cache_v2_dataset_boundary" name="test_processed_provider_uses_canonical_cora_pickle_without_rebuilding_split" file="tests\test_cache_v2_dataset_boundary.py" line="98" time="0.008"><system-out>--------------------------------- Captured Log ---------------------------------

--------------------------------- Captured Out ---------------------------------

</system-out><system-err>--------------------------------- Captured Err ---------------------------------

</system-err></testcase><testcase classname="tests.test_cache_v2_dataset_boundary" name="test_recipe_binds_dataset_candidates_strategy_seed_k_and_producer_version" file="tests\test_cache_v2_dataset_boundary.py" line="129" time="0.003"><system-out>--------------------------------- Captured Log ---------------------------------

--------------------------------- Captured Out ---------------------------------

</system-out><system-err>--------------------------------- Captured Err ---------------------------------

</system-err></testcase><testcase classname="tests.test_cache_v2_dataset_boundary" name="test_selection_recipe_can_bind_an_explicit_source_score_artifact" file="tests\test_cache_v2_dataset_boundary.py" line="152" time="0.003"><system-out>--------------------------------- Captured Log ---------------------------------

--------------------------------- Captured Out ---------------------------------

</system-out><system-err>--------------------------------- Captured Err ---------------------------------

</system-err></testcase><testcase classname="tests.test_cache_v2_dataset_boundary" name="test_cache_hit_does_not_call_dataset_provider_or_selection_producer" file="tests\test_cache_v2_dataset_boundary.py" line="191" time="0.035"><system-out>--------------------------------- Captured Log ---------------------------------

--------------------------------- Captured Out ---------------------------------

</system-out><system-err>--------------------------------- Captured Err ---------------------------------

</system-err></testcase><testcase classname="tests.test_cache_v2_dataset_boundary" name="test_miss_is_computed_only_by_injected_experiment_producer" file="tests\test_cache_v2_dataset_boundary.py" line="231" time="0.033"><system-out>--------------------------------- Captured Log ---------------------------------

--------------------------------- Captured Out ---------------------------------

</system-out><system-err>--------------------------------- Captured Err ---------------------------------

</system-err></testcase><testcase classname="tests.test_cache_v2_dataset_boundary" name="test_new_materializer_rejects_legacy_recipe_without_identity_boundary" file="tests\test_cache_v2_dataset_boundary.py" line="268" time="0.000"><system-out>--------------------------------- Captured Log ---------------------------------

--------------------------------- Captured Out ---------------------------------

</system-out><system-err>--------------------------------- Captured Err ---------------------------------

</system-err></testcase><testcase classname="tests.test_cache_v2_dataset_boundary" name="test_runner_rejects_removed_cache_dataset_options" file="tests\test_cache_v2_dataset_boundary.py" line="285" time="0.005"><system-out>--------------------------------- Captured Log ---------------------------------

--------------------------------- Captured Out ---------------------------------

</system-out><system-err>--------------------------------- Captured Err ---------------------------------

</system-err></testcase><testcase classname="tests.test_cache_v2_dataset_boundary" name="test_runner_target_direct_mode_requires_manifest_digest" file="tests\test_cache_v2_dataset_boundary.py" line="304" time="0.002"><system-out>--------------------------------- Captured Log ---------------------------------

--------------------------------- Captured Out ---------------------------------

</system-out><system-err>--------------------------------- Captured Err ---------------------------------

</system-err></testcase><testcase classname="tests.test_cache_v2_dataset_boundary" name="test_dataset_decoupling_markdown_and_html_agree_on_verdict_and_evidence" file="tests\test_cache_v2_dataset_boundary.py" line="323" time="0.000"><system-out>--------------------------------- Captured Log ---------------------------------

--------------------------------- Captured Out ---------------------------------

</system-out><system-err>--------------------------------- Captured Err ---------------------------------

</system-err></testcase><testcase classname="tests.test_cache_v2_formal_artifacts" name="test_recipe_builders_bind_minimal_identity_and_producer_versions" file="tests\test_cache_v2_formal_artifacts.py" line="220" time="0.001"><system-out>--------------------------------- Captured Log ---------------------------------

--------------------------------- Captured Out ---------------------------------

</system-out><system-err>--------------------------------- Captured Err ---------------------------------

</system-err></testcase><testcase classname="tests.test_cache_v2_formal_artifacts" name="test_score_payload_is_deterministic_versioned_and_recipe_checked" file="tests\test_cache_v2_formal_artifacts.py" line="242" time="0.001"><system-out>--------------------------------- Captured Log ---------------------------------

--------------------------------- Captured Out ---------------------------------

</system-out><system-err>--------------------------------- Captured Err ---------------------------------

</system-err></testcase><testcase classname="tests.test_cache_v2_formal_artifacts" name="test_prediction_payload_is_deterministic_and_validates_shapes_and_retain_mask" file="tests\test_cache_v2_formal_artifacts.py" line="259" time="0.020"><system-out>--------------------------------- Captured Log ---------------------------------

--------------------------------- Captured Out ---------------------------------

</system-out><system-err>--------------------------------- Captured Err ---------------------------------

</system-err></testcase><testcase classname="tests.test_cache_v2_formal_artifacts" name="test_formal_store_cold_warm_chain_is_exact_zero_write_and_dependency_bound" file="tests\test_cache_v2_formal_artifacts.py" line="292" time="0.118"><system-out>--------------------------------- Captured Log ---------------------------------

--------------------------------- Captured Out ---------------------------------

</system-out><system-err>--------------------------------- Captured Err ---------------------------------

</system-err></testcase><testcase classname="tests.test_cache_v2_formal_artifacts" name="test_canonical_cora_shape_prediction_evaluation_roundtrip_is_cpu_only" file="tests\test_cache_v2_formal_artifacts.py" line="330" time="0.096"><system-out>--------------------------------- Captured Log ---------------------------------

--------------------------------- Captured Out ---------------------------------

</system-out><system-err>--------------------------------- Captured Err ---------------------------------

</system-err></testcase><testcase classname="tests.test_cache_v2_formal_artifacts" name="test_formal_store_rejects_missing_or_unhealthy_dependencies" file="tests\test_cache_v2_formal_artifacts.py" line="395" time="0.048"><system-out>--------------------------------- Captured Log ---------------------------------

--------------------------------- Captured Out ---------------------------------

</system-out><system-err>--------------------------------- Captured Err ---------------------------------

</system-err></testcase><testcase classname="tests.test_cache_v2_formal_artifacts" name="test_evaluation_hit_recursively_rejects_corrupt_selection_dependency" file="tests\test_cache_v2_formal_artifacts.py" line="429" time="0.083"><system-out>--------------------------------- Captured Log ---------------------------------

--------------------------------- Captured Out ---------------------------------

</system-out><system-err>--------------------------------- Captured Err ---------------------------------

</system-err></testcase><testcase classname="tests.test_cache_v2_formal_artifacts" name="test_all_formal_types_reject_corrupt_payload_bytes[score]" file="tests\test_cache_v2_formal_artifacts.py" line="453" time="0.034"><system-out>--------------------------------- Captured Log ---------------------------------

--------------------------------- Captured Out ---------------------------------

</system-out><system-err>--------------------------------- Captured Err ---------------------------------

</system-err></testcase><testcase classname="tests.test_cache_v2_formal_artifacts" name="test_all_formal_types_reject_corrupt_payload_bytes[prediction]" file="tests\test_cache_v2_formal_artifacts.py" line="453" time="0.045"><system-out>--------------------------------- Captured Log ---------------------------------

--------------------------------- Captured Out ---------------------------------

</system-out><system-err>--------------------------------- Captured Err ---------------------------------

</system-err></testcase><testcase classname="tests.test_cache_v2_formal_artifacts" name="test_all_formal_types_reject_corrupt_payload_bytes[evaluation]" file="tests\test_cache_v2_formal_artifacts.py" line="453" time="0.071"><system-out>--------------------------------- Captured Log ---------------------------------

--------------------------------- Captured Out ---------------------------------

</system-out><system-err>--------------------------------- Captured Err ---------------------------------

</system-err></testcase><testcase classname="tests.test_cache_v2_formal_artifacts" name="test_all_formal_types_reject_corrupt_header_bytes[score]" file="tests\test_cache_v2_formal_artifacts.py" line="486" time="0.034"><system-out>--------------------------------- Captured Log ---------------------------------

--------------------------------- Captured Out ---------------------------------

</system-out><system-err>--------------------------------- Captured Err ---------------------------------

</system-err></testcase><testcase classname="tests.test_cache_v2_formal_artifacts" name="test_all_formal_types_reject_corrupt_header_bytes[prediction]" file="tests\test_cache_v2_formal_artifacts.py" line="486" time="0.043"><system-out>--------------------------------- Captured Log ---------------------------------

--------------------------------- Captured Out ---------------------------------

</system-out><system-err>--------------------------------- Captured Err ---------------------------------

</system-err></testcase><testcase classname="tests.test_cache_v2_formal_artifacts" name="test_all_formal_types_reject_corrupt_header_bytes[evaluation]" file="tests\test_cache_v2_formal_artifacts.py" line="486" time="0.073"><system-out>--------------------------------- Captured Log ---------------------------------

--------------------------------- Captured Out ---------------------------------

</system-out><system-err>--------------------------------- Captured Err ---------------------------------

</system-err></testcase><testcase classname="tests.test_cache_v2_formal_artifacts" name="test_all_formal_types_conflict_quarantine_and_corruption_fail_closed[score]" file="tests\test_cache_v2_formal_artifacts.py" line="519" time="0.048"><system-out>--------------------------------- Captured Log ---------------------------------

--------------------------------- Captured Out ---------------------------------

</system-out><system-err>--------------------------------- Captured Err ---------------------------------

</system-err></testcase><testcase classname="tests.test_cache_v2_formal_artifacts" name="test_all_formal_types_conflict_quarantine_and_corruption_fail_closed[prediction]" file="tests\test_cache_v2_formal_artifacts.py" line="519" time="0.064"><system-out>--------------------------------- Captured Log ---------------------------------

--------------------------------- Captured Out ---------------------------------

</system-out><system-err>--------------------------------- Captured Err ---------------------------------

</system-err></testcase><testcase classname="tests.test_cache_v2_formal_artifacts" name="test_all_formal_types_conflict_quarantine_and_corruption_fail_closed[evaluation]" file="tests\test_cache_v2_formal_artifacts.py" line="519" time="0.103"><system-out>--------------------------------- Captured Log ---------------------------------

--------------------------------- Captured Out ---------------------------------

</system-out><system-err>--------------------------------- Captured Err ---------------------------------

</system-err></testcase><testcase classname="tests.test_cache_v2_formal_artifacts" name="test_experiment_layer_calls_upstream_producer_only_on_miss_and_never_writes_legacy" file="tests\test_cache_v2_formal_artifacts.py" line="567" time="0.035"><system-out>--------------------------------- Captured Log ---------------------------------

--------------------------------- Captured Out ---------------------------------

</system-out><system-err>--------------------------------- Captured Err ---------------------------------

</system-err></testcase><testcase classname="tests.test_cache_v2_formal_artifacts" name="test_experiment_layer_does_not_recompute_a_corrupt_exact_candidate" file="tests\test_cache_v2_formal_artifacts.py" line="601" time="0.027"><system-out>--------------------------------- Captured Log ---------------------------------

--------------------------------- Captured Out ---------------------------------

</system-out><system-err>--------------------------------- Captured Err ---------------------------------

</system-err></testcase><testcase classname="tests.test_cache_v2_formal_artifacts" name="test_cache_v2_formal_modules_have_no_upstream_producer_or_dataset_imports" file="tests\test_cache_v2_formal_artifacts.py" line="624" time="0.001"><system-out>--------------------------------- Captured Log ---------------------------------

--------------------------------- Captured Out ---------------------------------

</system-out><system-err>--------------------------------- Captured Err ---------------------------------

</system-err></testcase><testcase classname="tests.test_cache_v2_gate3_comparison" name="test_four_artifact_bundle_passes_only_with_declared_float_tolerances" file="tests\test_cache_v2_gate3_comparison.py" line="135" time="0.002"><system-out>--------------------------------- Captured Log ---------------------------------

--------------------------------- Captured Out ---------------------------------

</system-out><system-err>--------------------------------- Captured Err ---------------------------------

</system-err></testcase><testcase classname="tests.test_cache_v2_gate3_comparison" name="test_selection_requires_ordered_exact_match_not_set_or_jaccard_similarity" file="tests\test_cache_v2_gate3_comparison.py" line="163" time="0.001"><system-out>--------------------------------- Captured Log ---------------------------------

--------------------------------- Captured Out ---------------------------------

</system-out><system-err>--------------------------------- Captured Err ---------------------------------

</system-err></testcase><testcase classname="tests.test_cache_v2_gate3_comparison" name="test_known_im_overlap_shape_remains_a_gate3_failure" file="tests\test_cache_v2_gate3_comparison.py" line="180" time="0.002"><system-out>--------------------------------- Captured Log ---------------------------------

--------------------------------- Captured Out ---------------------------------

</system-out><system-err>--------------------------------- Captured Err ---------------------------------

</system-err></testcase><testcase classname="tests.test_cache_v2_gate3_comparison" name="test_prediction_and_evaluation_above_tolerance_fail_closed" file="tests\test_cache_v2_gate3_comparison.py" line="205" time="0.001"><system-out>--------------------------------- Captured Log ---------------------------------

--------------------------------- Captured Out ---------------------------------

</system-out><system-err>--------------------------------- Captured Err ---------------------------------

</system-err></testcase><testcase classname="tests.test_cache_v2_gate3_comparison" name="test_missing_provenance_and_metric_key_mismatch_fail_closed" file="tests\test_cache_v2_gate3_comparison.py" line="220" time="0.001"><system-out>--------------------------------- Captured Log ---------------------------------

--------------------------------- Captured Out ---------------------------------

</system-out><system-err>--------------------------------- Captured Err ---------------------------------

</system-err></testcase><testcase classname="tests.test_cache_v2_gate3_comparison" name="test_non_finite_reference_or_invalid_tolerance_is_rejected" file="tests\test_cache_v2_gate3_comparison.py" line="255" time="0.000"><system-out>--------------------------------- Captured Log ---------------------------------

--------------------------------- Captured Out ---------------------------------

</system-out><system-err>--------------------------------- Captured Err ---------------------------------

</system-err></testcase><testcase classname="tests.test_cache_v2_gate3_comparison" name="test_comparison_harness_does_not_mutate_reference_arrays" file="tests\test_cache_v2_gate3_comparison.py" line="269" time="0.001"><system-out>--------------------------------- Captured Log ---------------------------------

--------------------------------- Captured Out ---------------------------------

</system-out><system-err>--------------------------------- Captured Err ---------------------------------

</system-err></testcase><testcase classname="tests.test_cache_v2_gate3_comparison" name="test_cache_v2_does_not_import_gate3_legacy_comparison_policy" file="tests\test_cache_v2_gate3_comparison.py" line="289" time="0.001"><system-out>--------------------------------- Captured Log ---------------------------------

--------------------------------- Captured Out ---------------------------------

</system-out><system-err>--------------------------------- Captured Err ---------------------------------

</system-err></testcase><testcase classname="tests.test_cache_v2_gate3_degree_adapter" name="test_gate3_degree_adapter_materializes_exact_four_artifact_chain" file="tests\test_cache_v2_gate3_degree_adapter.py" line="172" time="0.250"><system-out>--------------------------------- Captured Log ---------------------------------

--------------------------------- Captured Out ---------------------------------

</system-out><system-err>--------------------------------- Captured Err ---------------------------------

</system-err></testcase><testcase classname="tests.test_cache_v2_gate3_degree_adapter" name="test_gate3_degree_adapter_fails_closed_on_selector_content_mismatch" file="tests\test_cache_v2_gate3_degree_adapter.py" line="215" time="0.052"><system-out>--------------------------------- Captured Log ---------------------------------

--------------------------------- Captured Out ---------------------------------

</system-out><system-err>--------------------------------- Captured Err ---------------------------------

</system-err></testcase><testcase classname="tests.test_cache_v2_gate4_canary" name="test_gate4_config_is_one_cell_and_dataset_owned_by_experiment_layer" file="tests\test_cache_v2_gate4_canary.py" line="34" time="0.002"><system-out>--------------------------------- Captured Log ---------------------------------

--------------------------------- Captured Out ---------------------------------

</system-out><system-err>--------------------------------- Captured Err ---------------------------------

</system-err></testcase><testcase classname="tests.test_cache_v2_gate4_canary" name="test_gate4_wrapper_has_no_dataset_framework_or_download_imports" file="tests\test_cache_v2_gate4_canary.py" line="56" time="0.004"><system-out>--------------------------------- Captured Log ---------------------------------

--------------------------------- Captured Out ---------------------------------

</system-out><system-err>--------------------------------- Captured Err ---------------------------------

</system-err></testcase><testcase classname="tests.test_cache_v2_gate4_canary" name="test_gate4_phase_projection_preserves_staged_runner_states" file="tests\test_cache_v2_gate4_canary.py" line="75" time="0.000"><system-out>--------------------------------- Captured Log ---------------------------------

--------------------------------- Captured Out ---------------------------------

</system-out><system-err>--------------------------------- Captured Err ---------------------------------

</system-err></testcase><testcase classname="tests.test_cache_v2_gate4_canary" name="test_gate4_cli_exposes_no_arbitrary_recipe_inputs" file="tests\test_cache_v2_gate4_canary.py" line="91" time="0.001"><system-out>--------------------------------- Captured Log ---------------------------------

--------------------------------- Captured Out ---------------------------------

</system-out><system-err>--------------------------------- Captured Err ---------------------------------
usage: pytest [-h] [--json]
pytest: error: unrecognized arguments: --dataset-root data/raw/cora

</system-err></testcase><testcase classname="tests.test_cache_v2_gate4_canary" name="test_gate4_selection_commands_are_fixed_and_download_free" file="tests\test_cache_v2_gate4_canary.py" line="98" time="0.040"><system-out>--------------------------------- Captured Log ---------------------------------

--------------------------------- Captured Out ---------------------------------

</system-out><system-err>--------------------------------- Captured Err ---------------------------------

</system-err></testcase><testcase classname="tests.test_cache_v2_gate4_canary" name="test_gate4_wrapper_is_directly_executable_from_repo_root" file="tests\test_cache_v2_gate4_canary.py" line="132" time="0.964"><system-out>--------------------------------- Captured Log ---------------------------------

--------------------------------- Captured Out ---------------------------------

</system-out><system-err>--------------------------------- Captured Err ---------------------------------

</system-err></testcase><testcase classname="tests.test_cache_v2_materializer" name="test_plan_deduplicates_im_and_structurally_skips_future_producers" file="tests\test_cache_v2_materializer.py" line="153" time="0.006"><system-out>--------------------------------- Captured Log ---------------------------------

--------------------------------- Captured Out ---------------------------------

</system-out><system-err>--------------------------------- Captured Err ---------------------------------

</system-err></testcase><testcase classname="tests.test_cache_v2_materializer" name="test_selection_plan_is_zero_write_for_store_and_legacy" file="tests\test_cache_v2_materializer.py" line="196" time="0.007"><system-out>--------------------------------- Captured Log ---------------------------------

--------------------------------- Captured Out ---------------------------------

</system-out><system-err>--------------------------------- Captured Err ---------------------------------

</system-err></testcase><testcase classname="tests.test_cache_v2_materializer" name="test_plan_registers_simple_producers_with_minimal_identity_and_seed_scope" file="tests\test_cache_v2_materializer.py" line="226" time="0.007"><system-out>--------------------------------- Captured Log ---------------------------------

--------------------------------- Captured Out ---------------------------------

</system-out><system-err>--------------------------------- Captured Err ---------------------------------

</system-err></testcase><testcase classname="tests.test_cache_v2_materializer" name="test_degree_producer_preserves_legacy_torch_topk_tie_semantics" file="tests\test_cache_v2_materializer.py" line="274" time="0.001"><system-out>--------------------------------- Captured Log ---------------------------------

--------------------------------- Captured Out ---------------------------------

</system-out><system-err>--------------------------------- Captured Err ---------------------------------

</system-err></testcase><testcase classname="tests.test_cache_v2_materializer" name="test_simple_producers_cold_warm_and_read_only_legacy_comparison" file="tests\test_cache_v2_materializer.py" line="310" time="0.213"><system-out>--------------------------------- Captured Log ---------------------------------

--------------------------------- Captured Out ---------------------------------

</system-out><system-err>--------------------------------- Captured Err ---------------------------------

</system-err></testcase><testcase classname="tests.test_cache_v2_materializer" name="test_authoritative_simple_strategy_classes_materialize_fixture_graph" file="tests\test_cache_v2_materializer.py" line="397" time="0.151"><system-out>--------------------------------- Captured Log ---------------------------------

--------------------------------- Captured Out ---------------------------------

</system-out><system-err>--------------------------------- Captured Err ---------------------------------

</system-err></testcase><testcase classname="tests.test_cache_v2_materializer" name="test_processed_provider_reads_open_gu_pickle_without_split_construction" file="tests\test_cache_v2_materializer.py" line="437" time="0.003"><system-out>--------------------------------- Captured Log ---------------------------------

--------------------------------- Captured Out ---------------------------------

</system-out><system-err>--------------------------------- Captured Err ---------------------------------

</system-err></testcase><testcase classname="tests.test_cache_v2_materializer" name="test_cachectl_materialize_requires_explicit_apply" file="tests\test_cache_v2_materializer.py" line="465" time="0.007"><system-out>--------------------------------- Captured Log ---------------------------------

--------------------------------- Captured Out ---------------------------------

</system-out><system-err>--------------------------------- Captured Err ---------------------------------

</system-err></testcase><testcase classname="tests.test_cache_v2_runtime" name="test_runtime_artifact_id_load_is_exact_verified_and_zero_write" file="tests\test_cache_v2_runtime.py" line="57" time="0.031"><system-out>--------------------------------- Captured Log ---------------------------------

--------------------------------- Captured Out ---------------------------------

</system-out><system-err>--------------------------------- Captured Err ---------------------------------

</system-err></testcase><testcase classname="tests.test_cache_v2_runtime" name="test_runtime_load_never_substitutes_artifact_or_candidate_set" file="tests\test_cache_v2_runtime.py" line="78" time="0.032"><system-out>--------------------------------- Captured Log ---------------------------------

--------------------------------- Captured Out ---------------------------------

</system-out><system-err>--------------------------------- Captured Err ---------------------------------

</system-err></testcase><testcase classname="tests.test_cache_v2_selection_canary" name="test_canary_has_no_dataset_framework_or_downloader_imports" file="tests\test_cache_v2_selection_canary.py" line="27" time="0.002"><system-out>--------------------------------- Captured Log ---------------------------------

--------------------------------- Captured Out ---------------------------------

</system-out><system-err>--------------------------------- Captured Err ---------------------------------

</system-err></testcase><testcase classname="tests.test_cache_v2_selection_canary" name="test_parser_exposes_only_canonical_processed_input" file="tests\test_cache_v2_selection_canary.py" line="42" time="0.004"><system-out>--------------------------------- Captured Log ---------------------------------

--------------------------------- Captured Out ---------------------------------

</system-out><system-err>--------------------------------- Captured Err ---------------------------------
usage: pytest [-h] --store-root STORE_ROOT [--processed-root PROCESSED_ROOT]
              [--legacy-results-root LEGACY_RESULTS_ROOT] [--dataset DATASET]
              [--base-model BASE_MODEL] [--method METHOD]
              [--strategy {random,degree,pagerank,im}] [--seed SEED]
              [--selection-ratio SELECTION_RATIO] [--train-ratio TRAIN_RATIO]
              [--val-ratio VAL_RATIO] [--test-ratio TEST_RATIO] [--balanced]
              [--inductive] [--pagerank-alpha PAGERANK_ALPHA]
              [--propagation-prob PROPAGATION_PROB] [--mc-rounds MC_ROUNDS]
              [--candidate-fraction CANDIDATE_FRACTION]
              [--im-selector-seed IM_SELECTOR_SEED]
              [--im-batch-size IM_BATCH_SIZE] [--serial-mc]
              {cold,warm}
pytest: error: unrecognized arguments: --allow-download
usage: pytest [-h] --store-root STORE_ROOT [--processed-root PROCESSED_ROOT]
              [--legacy-results-root LEGACY_RESULTS_ROOT] [--dataset DATASET]
              [--base-model BASE_MODEL] [--method METHOD]
              [--strategy {random,degree,pagerank,im}] [--seed SEED]
              [--selection-ratio SELECTION_RATIO] [--train-ratio TRAIN_RATIO]
              [--val-ratio VAL_RATIO] [--test-ratio TEST_RATIO] [--balanced]
              [--inductive] [--pagerank-alpha PAGERANK_ALPHA]
              [--propagation-prob PROPAGATION_PROB] [--mc-rounds MC_ROUNDS]
              [--candidate-fraction CANDIDATE_FRACTION]
              [--im-selector-seed IM_SELECTOR_SEED]
              [--im-batch-size IM_BATCH_SIZE] [--serial-mc]
              {cold,warm}
pytest: error: unrecognized arguments: --dataset-root raw

</system-err></testcase><testcase classname="tests.test_cache_v2_selection_canary" name="test_execute_delegates_dataset_and_production_to_experiment_layer" file="tests\test_cache_v2_selection_canary.py" line="62" time="0.002"><system-out>--------------------------------- Captured Log ---------------------------------

--------------------------------- Captured Out ---------------------------------

</system-out><system-err>--------------------------------- Captured Err ---------------------------------

</system-err></testcase><testcase classname="tests.test_cache_v2_selection_canary" name="test_warm_canary_arms_producer_sentinel" file="tests\test_cache_v2_selection_canary.py" line="87" time="0.002"><system-out>--------------------------------- Captured Log ---------------------------------

--------------------------------- Captured Out ---------------------------------

</system-out><system-err>--------------------------------- Captured Err ---------------------------------

</system-err></testcase><testcase classname="tests.test_cache_v2_selection_canary" name="test_phase_contract_fails_closed[cold-result0]" file="tests\test_cache_v2_selection_canary.py" line="101" time="0.000"><system-out>--------------------------------- Captured Log ---------------------------------

--------------------------------- Captured Out ---------------------------------

</system-out><system-err>--------------------------------- Captured Err ---------------------------------

</system-err></testcase><testcase classname="tests.test_cache_v2_selection_canary" name="test_phase_contract_fails_closed[cold-result1]" file="tests\test_cache_v2_selection_canary.py" line="101" time="0.000"><system-out>--------------------------------- Captured Log ---------------------------------

--------------------------------- Captured Out ---------------------------------

</system-out><system-err>--------------------------------- Captured Err ---------------------------------

</system-err></testcase><testcase classname="tests.test_cache_v2_selection_canary" name="test_phase_contract_fails_closed[warm-result2]" file="tests\test_cache_v2_selection_canary.py" line="101" time="0.000"><system-out>--------------------------------- Captured Log ---------------------------------

--------------------------------- Captured Out ---------------------------------

</system-out><system-err>--------------------------------- Captured Err ---------------------------------

</system-err></testcase><testcase classname="tests.test_cache_v2_selection_canary" name="test_phase_contract_fails_closed[warm-result3]" file="tests\test_cache_v2_selection_canary.py" line="101" time="0.000"><system-out>--------------------------------- Captured Log ---------------------------------

--------------------------------- Captured Out ---------------------------------

</system-out><system-err>--------------------------------- Captured Err ---------------------------------

</system-err></testcase><testcase classname="tests.test_cache_v2_store" name="test_selection_payload_is_versioned_canonical_and_validates_identity" file="tests\test_cache_v2_store.py" line="119" time="0.001"><system-out>--------------------------------- Captured Log ---------------------------------

--------------------------------- Captured Out ---------------------------------

</system-out><system-err>--------------------------------- Captured Err ---------------------------------

</system-err></testcase><testcase classname="tests.test_cache_v2_store" name="test_store_has_no_producer_callback_and_candidate_recheck_is_optional" file="tests\test_cache_v2_store.py" line="142" time="0.020"><system-out>--------------------------------- Captured Log ---------------------------------

--------------------------------- Captured Out ---------------------------------

</system-out><system-err>--------------------------------- Captured Err ---------------------------------

</system-err></testcase><testcase classname="tests.test_cache_v2_store" name="test_cold_store_then_read_only_hit_is_zero_write" file="tests\test_cache_v2_store.py" line="159" time="0.027"><system-out>--------------------------------- Captured Log ---------------------------------

--------------------------------- Captured Out ---------------------------------

</system-out><system-err>--------------------------------- Captured Err ---------------------------------

</system-err></testcase><testcase classname="tests.test_cache_v2_store" name="test_concurrent_explicit_stores_publish_one_immutable_artifact" file="tests\test_cache_v2_store.py" line="188" time="0.437"><system-out>--------------------------------- Captured Log ---------------------------------

--------------------------------- Captured Out ---------------------------------

</system-out><system-err>--------------------------------- Captured Err ---------------------------------

</system-err></testcase><testcase classname="tests.test_cache_v2_store" name="test_recipe_change_creates_a_second_artifact" file="tests\test_cache_v2_store.py" line="216" time="0.030"><system-out>--------------------------------- Captured Log ---------------------------------

--------------------------------- Captured Out ---------------------------------

</system-out><system-err>--------------------------------- Captured Err ---------------------------------

</system-err></testcase><testcase classname="tests.test_cache_v2_store" name="test_identical_explicit_store_is_idempotent" file="tests\test_cache_v2_store.py" line="229" time="0.028"><system-out>--------------------------------- Captured Log ---------------------------------

--------------------------------- Captured Out ---------------------------------

</system-out><system-err>--------------------------------- Captured Err ---------------------------------

</system-err></testcase><testcase classname="tests.test_cache_v2_store" name="test_different_explicit_store_is_quarantined_and_blocks_resolution" file="tests\test_cache_v2_store.py" line="249" time="0.039"><system-out>--------------------------------- Captured Log ---------------------------------

--------------------------------- Captured Out ---------------------------------

</system-out><system-err>--------------------------------- Captured Err ---------------------------------

</system-err></testcase><testcase classname="tests.test_cache_v2_store" name="test_conflict_marker_survives_sqlite_failure_and_blocks_hit" file="tests\test_cache_v2_store.py" line="279" time="0.034"><system-out>--------------------------------- Captured Log ---------------------------------

--------------------------------- Captured Out ---------------------------------

</system-out><system-err>--------------------------------- Captured Err ---------------------------------

</system-err></testcase><testcase classname="tests.test_cache_v2_store" name="test_conflict_marker_survives_quarantine_failure" file="tests\test_cache_v2_store.py" line="303" time="0.029"><system-out>--------------------------------- Captured Log ---------------------------------

--------------------------------- Captured Out ---------------------------------

</system-out><system-err>--------------------------------- Captured Err ---------------------------------

</system-err></testcase><testcase classname="tests.test_cache_v2_store" name="test_incomplete_conflict_marker_directory_blocks_hit" file="tests\test_cache_v2_store.py" line="324" time="0.022"><system-out>--------------------------------- Captured Log ---------------------------------

--------------------------------- Captured Out ---------------------------------

</system-out><system-err>--------------------------------- Captured Err ---------------------------------

</system-err></testcase><testcase classname="tests.test_cache_v2_store" name="test_corruption_fails_closed[payload_hash]" file="tests\test_cache_v2_store.py" line="336" time="0.026"><system-out>--------------------------------- Captured Log ---------------------------------

--------------------------------- Captured Out ---------------------------------

</system-out><system-err>--------------------------------- Captured Err ---------------------------------

</system-err></testcase><testcase classname="tests.test_cache_v2_store" name="test_corruption_fails_closed[header_size]" file="tests\test_cache_v2_store.py" line="336" time="0.021"><system-out>--------------------------------- Captured Log ---------------------------------

--------------------------------- Captured Out ---------------------------------

</system-out><system-err>--------------------------------- Captured Err ---------------------------------

</system-err></testcase><testcase classname="tests.test_cache_v2_store" name="test_header_tamper_fails_closed_against_index" file="tests\test_cache_v2_store.py" line="364" time="0.023"><system-out>--------------------------------- Captured Log ---------------------------------

--------------------------------- Captured Out ---------------------------------

</system-out><system-err>--------------------------------- Captured Err ---------------------------------

</system-err></testcase><testcase classname="tests.test_cache_v2_store" name="test_registration_failure_preserves_preexisting_formal_file" file="tests\test_cache_v2_store.py" line="381" time="0.017"><system-out>--------------------------------- Captured Log ---------------------------------

--------------------------------- Captured Out ---------------------------------

</system-out><system-err>--------------------------------- Captured Err ---------------------------------

</system-err></testcase><testcase classname="tests.test_cache_v2_store" name="test_store_rejects_relative_external_and_symlink_paths" file="tests\test_cache_v2_store.py" line="408" time="0.010"><system-out>--------------------------------- Captured Log ---------------------------------

--------------------------------- Captured Out ---------------------------------

</system-out><system-err>--------------------------------- Captured Err ---------------------------------

</system-err></testcase><testcase classname="tests.test_target_direct_manifest" name="test_gate_manifest_accepts_one_seed_and_orders_degree_first" file="tests\test_target_direct_manifest.py" line="122" time="0.005"><system-out>--------------------------------- Captured Log ---------------------------------

--------------------------------- Captured Out ---------------------------------

</system-out><system-err>--------------------------------- Captured Err ---------------------------------

</system-err></testcase><testcase classname="tests.test_target_direct_manifest" name="test_formal_manifest_rejects_all_trainable_summary" file="tests\test_target_direct_manifest.py" line="173" time="0.002"><system-out>--------------------------------- Captured Log ---------------------------------

--------------------------------- Captured Out ---------------------------------

</system-out><system-err>--------------------------------- Captured Err ---------------------------------

</system-err></testcase><testcase classname="tests.test_target_direct_manifest" name="test_formal_manifest_rejects_unapproved_seed_request" file="tests\test_target_direct_manifest.py" line="199" time="0.002"><system-out>--------------------------------- Captured Log ---------------------------------

--------------------------------- Captured Out ---------------------------------

</system-out><system-err>--------------------------------- Captured Err ---------------------------------

</system-err></testcase><testcase classname="tests.test_target_direct_manifest" name="test_formal_manifest_rejects_unapproved_ratio" file="tests\test_target_direct_manifest.py" line="213" time="0.001"><system-out>--------------------------------- Captured Log ---------------------------------

--------------------------------- Captured Out ---------------------------------

</system-out><system-err>--------------------------------- Captured Err ---------------------------------

</system-err></testcase><testcase classname="tests.test_target_direct_recipe" name="test_target_direct_recipe_binds_checkpoint_identity" file="tests\test_target_direct_recipe.py" line="13" time="0.001"><system-out>--------------------------------- Captured Log ---------------------------------

--------------------------------- Captured Out ---------------------------------

</system-out><system-err>--------------------------------- Captured Err ---------------------------------

</system-err></testcase><testcase classname="tests.test_target_direct_recipe" name="test_ratio_specific_selection_recipes_share_scores_but_not_budget_identity" file="tests\test_target_direct_recipe.py" line="61" time="0.000"><system-out>--------------------------------- Captured Log ---------------------------------

--------------------------------- Captured Out ---------------------------------

</system-out><system-err>--------------------------------- Captured Err ---------------------------------

</system-err></testcase><testcase classname="tests.test_target_direct_split_profile" name="test_fixed_split_is_disjoint_exhaustive_and_reproducible" file="tests\test_target_direct_split_profile.py" line="33" time="0.001"><system-out>--------------------------------- Captured Log ---------------------------------

--------------------------------- Captured Out ---------------------------------

</system-out><system-err>--------------------------------- Captured Err ---------------------------------

</system-err></testcase><testcase classname="tests.test_target_direct_split_profile" name="test_fixed_split_changes_with_seed" file="tests\test_target_direct_split_profile.py" line="47" time="0.001"><system-out>--------------------------------- Captured Log ---------------------------------

--------------------------------- Captured Out ---------------------------------

</system-out><system-err>--------------------------------- Captured Err ---------------------------------

</system-err></testcase><testcase classname="tests.test_target_direct_split_profile" name="test_target_direct_split_is_the_common_opengu_split" file="tests\test_target_direct_split_profile.py" line="55" time="0.001"><system-out>--------------------------------- Captured Log ---------------------------------

--------------------------------- Captured Out ---------------------------------

</system-out><system-err>--------------------------------- Captured Err ---------------------------------

</system-err></testcase><testcase classname="tests.test_target_direct_split_profile" name="test_native_and_target_direct_seeded_calls_are_equivalent" file="tests\test_target_direct_split_profile.py" line="79" time="0.009"><system-out>--------------------------------- Captured Log ---------------------------------

--------------------------------- Captured Out ---------------------------------

</system-out><system-err>--------------------------------- Captured Err ---------------------------------

</system-err></testcase><testcase classname="tests.test_target_direct_split_profile" name="test_processed_root_must_be_inside_active_checkout" file="tests\test_target_direct_split_profile.py" line="107" time="0.002"><system-out>--------------------------------- Captured Log ---------------------------------

--------------------------------- Captured Out ---------------------------------

</system-out><system-err>--------------------------------- Captured Err ---------------------------------

</system-err></testcase><testcase classname="tests.test_target_direct_split_profile" name="test_split_contract_defaults_are_70_10_20_seed2024" file="tests\test_target_direct_split_profile.py" line="117" time="0.000"><system-out>--------------------------------- Captured Log ---------------------------------

--------------------------------- Captured Out ---------------------------------

</system-out><system-err>--------------------------------- Captured Err ---------------------------------

</system-err></testcase><testcase classname="tests.test_target_direct_split_profile" name="test_target_direct_equivalent_ratio_values_share_one_contract" file="tests\test_target_direct_split_profile.py" line="131" time="0.000"><system-out>--------------------------------- Captured Log ---------------------------------

--------------------------------- Captured Out ---------------------------------

</system-out><system-err>--------------------------------- Captured Err ---------------------------------

</system-err></testcase><testcase classname="tests.test_target_direct_split_profile" name="test_target_direct_requires_a_nonempty_validation_target" file="tests\test_target_direct_split_profile.py" line="148" time="0.000"><system-out>--------------------------------- Captured Log ---------------------------------

--------------------------------- Captured Out ---------------------------------

</system-out><system-err>--------------------------------- Captured Err ---------------------------------

</system-err></testcase><testcase classname="tests.test_target_direct_split_profile" name="test_real_processed_profile_cold_create_then_warm_hit_without_rewrite" file="tests\test_target_direct_split_profile.py" line="198" time="0.013"><system-out>--------------------------------- Captured Log ---------------------------------

--------------------------------- Captured Out ---------------------------------

</system-out><system-err>--------------------------------- Captured Err ---------------------------------

</system-err></testcase><testcase classname="tests.test_target_direct_split_profile" name="test_real_profiles_reuse_equivalent_contract_and_keep_alternates_distinct" file="tests\test_target_direct_split_profile.py" line="249" time="0.022"><system-out>--------------------------------- Captured Log ---------------------------------

--------------------------------- Captured Out ---------------------------------

</system-out><system-err>--------------------------------- Captured Err ---------------------------------

</system-err></testcase><testcase classname="tests.test_target_direct_split_profile" name="test_model_seed_does_not_change_registered_split_arguments" file="tests\test_target_direct_split_profile.py" line="332" time="0.002"><system-out>--------------------------------- Captured Log ---------------------------------

--------------------------------- Captured Out ---------------------------------

</system-out><system-err>--------------------------------- Captured Err ---------------------------------

</system-err></testcase><testcase classname="tests.test_target_direct_syncmate_stage" name="test_formal_config_freezes_scope_budget_and_excludes_stress" file="tests\test_target_direct_syncmate_stage.py" line="91" time="0.006"><system-out>--------------------------------- Captured Log ---------------------------------

--------------------------------- Captured Out ---------------------------------

</system-out><system-err>--------------------------------- Captured Err ---------------------------------

</system-err></testcase><testcase classname="tests.test_target_direct_syncmate_stage" name="test_formal_config_rejects_invalid_split_contract[train_ratio-0.6]" file="tests\test_target_direct_syncmate_stage.py" line="154" time="0.013"><system-out>--------------------------------- Captured Log ---------------------------------

--------------------------------- Captured Out ---------------------------------

</system-out><system-err>--------------------------------- Captured Err ---------------------------------

</system-err></testcase><testcase classname="tests.test_target_direct_syncmate_stage" name="test_formal_config_rejects_invalid_split_contract[val_ratio-0.2]" file="tests\test_target_direct_syncmate_stage.py" line="154" time="0.011"><system-out>--------------------------------- Captured Log ---------------------------------

--------------------------------- Captured Out ---------------------------------

</system-out><system-err>--------------------------------- Captured Err ---------------------------------

</system-err></testcase><testcase classname="tests.test_target_direct_syncmate_stage" name="test_formal_config_rejects_invalid_split_contract[test_ratio-0.1]" file="tests\test_target_direct_syncmate_stage.py" line="154" time="0.014"><system-out>--------------------------------- Captured Log ---------------------------------

--------------------------------- Captured Out ---------------------------------

</system-out><system-err>--------------------------------- Captured Err ---------------------------------

</system-err></testcase><testcase classname="tests.test_target_direct_syncmate_stage" name="test_formal_config_rejects_invalid_split_contract[materialize_on_miss-False]" file="tests\test_target_direct_syncmate_stage.py" line="154" time="0.011"><system-out>--------------------------------- Captured Log ---------------------------------

--------------------------------- Captured Out ---------------------------------

</system-out><system-err>--------------------------------- Captured Err ---------------------------------

</system-err></testcase><testcase classname="tests.test_target_direct_syncmate_stage" name="test_formal_config_accepts_valid_alternate_split_and_derives_budgets" file="tests\test_target_direct_syncmate_stage.py" line="173" time="0.013"><system-out>--------------------------------- Captured Log ---------------------------------

--------------------------------- Captured Out ---------------------------------

</system-out><system-err>--------------------------------- Captured Err ---------------------------------

</system-err></testcase><testcase classname="tests.test_target_direct_syncmate_stage" name="test_preflight_does_not_materialize_split_before_execution_gates" file="tests\test_target_direct_syncmate_stage.py" line="209" time="0.006"><system-out>--------------------------------- Captured Log ---------------------------------

--------------------------------- Captured Out ---------------------------------

</system-out><system-err>--------------------------------- Captured Err ---------------------------------

</system-err></testcase><testcase classname="tests.test_target_direct_syncmate_stage" name="test_preflight_allows_registered_split_materialization_after_gates" file="tests\test_target_direct_syncmate_stage.py" line="235" time="0.005"><system-out>--------------------------------- Captured Log ---------------------------------

--------------------------------- Captured Out ---------------------------------

</system-out><system-err>--------------------------------- Captured Err ---------------------------------

</system-err></testcase><testcase classname="tests.test_target_direct_syncmate_stage" name="test_formal_config_rejects_split_or_stage_cache_roots[results/cache_v2/target_direct_formal_v2/score]" file="tests\test_target_direct_syncmate_stage.py" line="263" time="0.012"><system-out>--------------------------------- Captured Log ---------------------------------

--------------------------------- Captured Out ---------------------------------

</system-out><system-err>--------------------------------- Captured Err ---------------------------------

</system-err></testcase><testcase classname="tests.test_target_direct_syncmate_stage" name="test_formal_config_rejects_split_or_stage_cache_roots[results/cache_v2/cora-seed42]" file="tests\test_target_direct_syncmate_stage.py" line="263" time="0.012"><system-out>--------------------------------- Captured Log ---------------------------------

--------------------------------- Captured Out ---------------------------------

</system-out><system-err>--------------------------------- Captured Err ---------------------------------

</system-err></testcase><testcase classname="tests.test_target_direct_syncmate_stage" name="test_formal_config_rejects_cache_root_experiment_or_stage_descendant[results/cache_v2/target_direct_formal_v2]" file="tests\test_target_direct_syncmate_stage.py" line="286" time="0.014"><system-out>--------------------------------- Captured Log ---------------------------------

--------------------------------- Captured Out ---------------------------------

</system-out><system-err>--------------------------------- Captured Err ---------------------------------

</system-err></testcase><testcase classname="tests.test_target_direct_syncmate_stage" name="test_formal_config_rejects_cache_root_experiment_or_stage_descendant[results/cache_v2/cora-seed42]" file="tests\test_target_direct_syncmate_stage.py" line="286" time="0.013"><system-out>--------------------------------- Captured Log ---------------------------------

--------------------------------- Captured Out ---------------------------------

</system-out><system-err>--------------------------------- Captured Err ---------------------------------

</system-err></testcase><testcase classname="tests.test_target_direct_syncmate_stage" name="test_each_stage_uses_one_canonical_cache_store_root" file="tests\test_target_direct_syncmate_stage.py" line="307" time="0.005"><system-out>--------------------------------- Captured Log ---------------------------------

--------------------------------- Captured Out ---------------------------------

</system-out><system-err>--------------------------------- Captured Err ---------------------------------

[...]

</system-err></testcase><testcase classname="tests.test_auto_report_v3" name="test_runner_keeps_dataset_and_run_roots_in_the_experiment_layer" file="tests\test_auto_report_v3.py" line="1169" time="0.006"><system-out>--------------------------------- Captured Log ---------------------------------

--------------------------------- Captured Out ---------------------------------

</system-out><system-err>--------------------------------- Captured Err ---------------------------------

</system-err></testcase><testcase classname="tests.test_auto_report_v3" name="test_runner_fingerprint_includes_effective_v2_store_root" file="tests\test_auto_report_v3.py" line="1235" time="0.005"><system-out>--------------------------------- Captured Log ---------------------------------

--------------------------------- Captured Out ---------------------------------

</system-out><system-err>--------------------------------- Captured Err ---------------------------------

</system-err></testcase><testcase classname="tests.test_auto_report_v3" name="test_runner_fingerprint_includes_experiment_runtime_root" file="tests\test_auto_report_v3.py" line="1257" time="0.005"><system-out>--------------------------------- Captured Log ---------------------------------

--------------------------------- Captured Out ---------------------------------

</system-out><system-err>--------------------------------- Captured Err ---------------------------------

</system-err></testcase><testcase classname="tests.test_auto_report_v3" name="test_runner_rejects_experiment_root_overrides_in_extra_args[extra0]" file="tests\test_auto_report_v3.py" line="1276" time="0.003"><system-out>--------------------------------- Captured Log ---------------------------------

--------------------------------- Captured Out ---------------------------------

</system-out><system-err>--------------------------------- Captured Err ---------------------------------

</system-err></testcase><testcase classname="tests.test_auto_report_v3" name="test_runner_rejects_experiment_root_overrides_in_extra_args[extra1]" file="tests\test_auto_report_v3.py" line="1276" time="0.003"><system-out>--------------------------------- Captured Log ---------------------------------

--------------------------------- Captured Out ---------------------------------

</system-out><system-err>--------------------------------- Captured Err ---------------------------------

</system-err></testcase><testcase classname="tests.test_auto_report_v3" name="test_acceptance_markdown_and_html_agree_on_architecture_contract_and_counts" file="tests\test_auto_report_v3.py" line="1290" time="0.001"><system-out>--------------------------------- Captured Log ---------------------------------

--------------------------------- Captured Out ---------------------------------

</system-out><system-err>--------------------------------- Captured Err ---------------------------------

</system-err></testcase><testcase classname="tests.test_collateral.TestTrainOnlyLearningBased" name="test_train_only_skips_unlearn" file="tests\test_collateral.py" line="74" time="0.001"><system-out>--------------------------------- Captured Log ---------------------------------

--------------------------------- Captured Out ---------------------------------

</system-out><system-err>--------------------------------- Captured Err ---------------------------------

</system-err></testcase><testcase classname="tests.test_collateral.TestTrainOnlyLearningBased" name="test_default_runs_unlearn" file="tests\test_collateral.py" line="95" time="0.001"><system-out>--------------------------------- Captured Log ---------------------------------

--------------------------------- Captured Out ---------------------------------

</system-out><system-err>--------------------------------- Captured Err ---------------------------------

</system-err></testcase><testcase classname="tests.test_collateral.TestTrainOnlyLearningBased" name="test_run_exp_mem_unaffected_by_train_only" file="tests\test_collateral.py" line="116" time="0.001"><system-out>--------------------------------- Captured Log ---------------------------------

--------------------------------- Captured Out ---------------------------------

</system-out><system-err>--------------------------------- Captured Err ---------------------------------

</system-err></testcase><testcase classname="tests.test_collateral.TestTrainOnlyLearningBased" name="test_missing_train_only_key" file="tests\test_collateral.py" line="133" time="0.001"><system-out>--------------------------------- Captured Log ---------------------------------

--------------------------------- Captured Out ---------------------------------

</system-out><system-err>--------------------------------- Captured Err ---------------------------------

</system-err></testcase><testcase classname="tests.test_collateral.TestTrainOnlyShardBased" name="test_train_only_skips_unlearn" file="tests\test_collateral.py" line="161" time="0.001"><system-out>--------------------------------- Captured Log ---------------------------------

--------------------------------- Captured Out ---------------------------------

</system-out><system-err>--------------------------------- Captured Err ---------------------------------

</system-err></testcase><testcase classname="tests.test_collateral.TestTrainOnlyShardBased" name="test_default_runs_unlearn" file="tests\test_collateral.py" line="179" time="0.001"><system-out>--------------------------------- Captured Log ---------------------------------

--------------------------------- Captured Out ---------------------------------

</system-out><system-err>--------------------------------- Captured Err ---------------------------------

</system-err></testcase><testcase classname="tests.test_collateral.TestTrainOnlyShardBased" name="test_run_exp_mem_unaffected" file="tests\test_collateral.py" line="197" time="0.001"><system-out>--------------------------------- Captured Log ---------------------------------

--------------------------------- Captured Out ---------------------------------

</system-out><system-err>--------------------------------- Captured Err ---------------------------------

</system-err></testcase><testcase classname="tests.test_collateral.TestGetTrainedModel" name="test_extracts_from_target_model" file="tests\test_collateral.py" line="234" time="0.001"><system-out>--------------------------------- Captured Log ---------------------------------

--------------------------------- Captured Out ---------------------------------

</system-out><system-err>--------------------------------- Captured Err ---------------------------------

</system-err></testcase><testcase classname="tests.test_collateral.TestGetTrainedModel" name="test_extracts_from_model_zoo" file="tests\test_collateral.py" line="244" time="0.001"><system-out>--------------------------------- Captured Log ---------------------------------

--------------------------------- Captured Out ---------------------------------

</system-out><system-err>--------------------------------- Captured Err ---------------------------------

</system-err></testcase><testcase classname="tests.test_collateral.TestGetTrainedModel" name="test_fallback_to_pipeline_model" file="tests\test_collateral.py" line="255" time="0.001"><system-out>--------------------------------- Captured Log ---------------------------------

--------------------------------- Captured Out ---------------------------------

</system-out><system-err>--------------------------------- Captured Err ---------------------------------

</system-err></testcase><testcase classname="tests.test_collateral.TestRunRetrainMask" name="test_train_mask_restored_after_retrain" file="tests\test_collateral.py" line="271" time="0.002"><system-out>--------------------------------- Captured Log ---------------------------------

--------------------------------- Captured Out ---------------------------------

</system-out><system-err>--------------------------------- Captured Err ---------------------------------

</system-err></testcase><testcase classname="tests.test_collateral.TestRunRetrainMask" name="test_selected_nodes_excluded_during_retrain" file="tests\test_collateral.py" line="305" time="0.001"><system-out>--------------------------------- Captured Log ---------------------------------

--------------------------------- Captured Out ---------------------------------

</system-out><system-err>--------------------------------- Captured Err ---------------------------------

</system-err></testcase><testcase classname="tests.test_collateral.TestRunRetrainMask" name="test_train_only_flag_set_during_retrain" file="tests\test_collateral.py" line="344" time="0.001"><system-out>--------------------------------- Captured Log ---------------------------------

--------------------------------- Captured Out ---------------------------------

</system-out><system-err>--------------------------------- Captured Err ---------------------------------

</system-err></testcase><testcase classname="tests.test_collateral.TestEvalCollateralSeed" name="test_seed_everything_makes_random_streams_reproducible" file="tests\test_collateral.py" line="388" time="0.000"><system-out>--------------------------------- Captured Log ---------------------------------

--------------------------------- Captured Out ---------------------------------

</system-out><system-err>--------------------------------- Captured Err ---------------------------------

</system-err></testcase><testcase classname="tests.test_legacy_cache_freeze" name="test_freeze_keeps_legacy_payload_read_only" file="tests\test_legacy_cache_freeze.py" line="30" time="0.010"><system-out>--------------------------------- Captured Log ---------------------------------

--------------------------------- Captured Out ---------------------------------

</system-out><system-err>--------------------------------- Captured Err ---------------------------------

</system-err></testcase><testcase classname="tests.test_legacy_cache_freeze" name="test_cachectl_freeze_is_explicit_and_status_is_read_only" file="tests\test_legacy_cache_freeze.py" line="49" time="0.018"><system-out>--------------------------------- Captured Log ---------------------------------

--------------------------------- Captured Out ---------------------------------

</system-out><system-err>--------------------------------- Captured Err ---------------------------------

</system-err></testcase><testcase classname="tests.test_selection_budget_planner" name="test_cold_group_computes_max_once_and_fans_out_prefixes" file="tests\test_selection_budget_planner.py" line="74" time="0.018"><system-out>--------------------------------- Captured Log ---------------------------------

--------------------------------- Captured Out ---------------------------------

</system-out><system-err>--------------------------------- Captured Err ---------------------------------

</system-err></testcase><testcase classname="tests.test_selection_budget_planner" name="test_warm_group_checks_max_once_and_is_zero_write" file="tests\test_selection_budget_planner.py" line="94" time="0.032"><system-out>--------------------------------- Captured Log ---------------------------------

--------------------------------- Captured Out ---------------------------------

</system-out><system-err>--------------------------------- Captured Err ---------------------------------

</system-err></testcase><testcase classname="tests.test_selection_budget_planner" name="test_smaller_future_request_reuses_smallest_covering_artifact" file="tests\test_selection_budget_planner.py" line="115" time="0.051"><system-out>--------------------------------- Captured Log ---------------------------------

--------------------------------- Captured Out ---------------------------------

</system-out><system-err>--------------------------------- Captured Err ---------------------------------

</system-err></testcase><testcase classname="tests.test_selection_budget_planner" name="test_exact_k_is_preferred_over_a_larger_covering_artifact" file="tests\test_selection_budget_planner.py" line="139" time="0.048"><system-out>--------------------------------- Captured Log ---------------------------------

--------------------------------- Captured Out ---------------------------------

</system-out><system-err>--------------------------------- Captured Err ---------------------------------

</system-err></testcase><testcase classname="tests.test_selection_budget_planner" name="test_identity_change_does_not_reuse_covering_artifact" file="tests\test_selection_budget_planner.py" line="156" time="0.036"><system-out>--------------------------------- Captured Log ---------------------------------

--------------------------------- Captured Out ---------------------------------

</system-out><system-err>--------------------------------- Captured Err ---------------------------------

</system-err></testcase><testcase classname="tests.test_selection_budget_planner" name="test_prefix_reuse_requires_explicit_stability_contract" file="tests\test_selection_budget_planner.py" line="172" time="0.002"><system-out>--------------------------------- Captured Log ---------------------------------

--------------------------------- Captured Out ---------------------------------

</system-out><system-err>--------------------------------- Captured Err ---------------------------------

</system-err></testcase><testcase classname="tests.test_selection_budget_planner" name="test_fail_if_called_rejects_a_true_maxk_miss" file="tests\test_selection_budget_planner.py" line="182" time="0.002"><system-out>--------------------------------- Captured Log ---------------------------------

--------------------------------- Captured Out ---------------------------------

</system-out><system-err>--------------------------------- Captured Err ---------------------------------

</system-err></testcase><testcase classname="tests.test_run_experiments_timeouts" name="test_phase_state_transitions_by_output_markers" file="tests\test_run_experiments_timeouts.py" line="3" time="0.000"><system-out>--------------------------------- Captured Log ---------------------------------

--------------------------------- Captured Out ---------------------------------

</system-out><system-err>--------------------------------- Captured Err ---------------------------------

</system-err></testcase><testcase classname="tests.test_run_experiments_timeouts" name="test_selection_cache_hit_moves_to_unlearning_phase" file="tests\test_run_experiments_timeouts.py" line="17" time="0.000"><system-out>--------------------------------- Captured Log ---------------------------------

--------------------------------- Captured Out ---------------------------------

</system-out><system-err>--------------------------------- Captured Err ---------------------------------

</system-err></testcase><testcase classname="tests.test_run_experiments_timeouts" name="test_method_timeout_override_applies_to_both_phases" file="tests\test_run_experiments_timeouts.py" line="31" time="0.000"><system-out>--------------------------------- Captured Log ---------------------------------

--------------------------------- Captured Out ---------------------------------

</system-out><system-err>--------------------------------- Captured Err ---------------------------------

</system-err></testcase><testcase classname="tests.test_run_experiments_repair_validation" name="test_validate_experiment_json_missing_file" file="tests\test_run_experiments_repair_validation.py" line="10" time="0.001"><system-out>--------------------------------- Captured Log ---------------------------------

--------------------------------- Captured Out ---------------------------------

</system-out><system-err>--------------------------------- Captured Err ---------------------------------

</system-err></testcase><testcase classname="tests.test_run_experiments_repair_validation" name="test_validate_experiment_json_invalid_json" file="tests\test_run_experiments_repair_validation.py" line="22" time="0.001"><system-out>--------------------------------- Captured Log ---------------------------------

--------------------------------- Captured Out ---------------------------------

</system-out><system-err>--------------------------------- Captured Err ---------------------------------

</system-err></testcase><testcase classname="tests.test_run_experiments_repair_validation" name="test_validate_experiment_json_missing_results" file="tests\test_run_experiments_repair_validation.py" line="36" time="0.002"><system-out>--------------------------------- Captured Log ---------------------------------

--------------------------------- Captured Out ---------------------------------

</system-out><system-err>--------------------------------- Captured Err ---------------------------------

</system-err></testcase><testcase classname="tests.test_run_experiments_repair_validation" name="test_validate_experiment_json_strategy_mismatch" file="tests\test_run_experiments_repair_validation.py" line="50" time="0.001"><system-out>--------------------------------- Captured Log ---------------------------------

--------------------------------- Captured Out ---------------------------------

</system-out><system-err>--------------------------------- Captured Err ---------------------------------

</system-err></testcase><testcase classname="tests.test_run_experiments_repair_validation" name="test_validate_experiment_json_complete_allows_extra_strategies" file="tests\test_run_experiments_repair_validation.py" line="70" time="0.002"><system-out>--------------------------------- Captured Log ---------------------------------

--------------------------------- Captured Out ---------------------------------

</system-out><system-err>--------------------------------- Captured Err ---------------------------------

</system-err></testcase><testcase classname="tests.test_run_experiments_repair_validation" name="test_scan_missing_items_grid_respects_validation_mode" file="tests\test_run_experiments_repair_validation.py" line="94" time="0.002"><system-out>--------------------------------- Captured Log ---------------------------------

--------------------------------- Captured Out ---------------------------------

</system-out><system-err>--------------------------------- Captured Err ---------------------------------

</system-err></testcase><testcase classname="tests.test_run_experiments_repair_validation" name="test_run_repair_uses_current_config_strategies_and_records_meta" file="tests\test_run_experiments_repair_validation.py" line="131" time="0.004"><system-out>--------------------------------- Captured Log ---------------------------------

--------------------------------- Captured Out ---------------------------------
[REPAIR] scan_dir=C:\Users\ADMIN\AppData\Local\Temp\pytest-of-ADMIN\pytest-84\test_run_repair_uses_current_c0\20260224_000000_seed42 mode=grid select=latest_per_seed validation=strict
[REPAIR] EXISTING_RUN seed=42 run=C:\Users\ADMIN\AppData\Local\Temp\pytest-of-ADMIN\pytest-84\test_run_repair_uses_current_c0\20260224_000000_seed42 missing=1 existing_strategies=im,hybrid source=summary target_strategies(current_config)=im_v4,hybrid_v4 missing_by_reason={'strategy_mismatch': 1}
[REPAIR] Found 1 missing experiments:
[REPAIR]   GIF/cora/GCN/r=0.05/seed=42 @ C:\Users\ADMIN\AppData\Local\Temp\pytest-of-ADMIN\pytest-84\test_run_repair_uses_current_c0\20260224_000000_seed42 reason=strategy_mismatch
[REPAIR] Running repair...
[EXP 1/1][REPAIR] GIF/cora/GCN/r=0.05/seed=42
[REPAIR] DONE run=C:\Users\ADMIN\AppData\Local\Temp\pytest-of-ADMIN\pytest-84\test_run_repair_uses_current_c0\20260224_000000_seed42 completed=1/1 failed=0

</system-out><system-err>--------------------------------- Captured Err ---------------------------------

</system-err></testcase></testsuite></testsuites>